<?xml version="1.0" encoding="UTF-8"?>
<coverage generated="1728362441372" clover="3.2.0">
  <project timestamp="1728362441372" name="All files">
    <metrics statements="94" coveredstatements="72" conditionals="24" coveredconditionals="18" methods="16" coveredmethods="10" elements="134" coveredelements="100" complexity="0" loc="94" ncloc="94" packages="3" files="3" classes="3"/>
    <package name="PreGame.components.StartBtn">
      <metrics statements="35" coveredstatements="24" conditionals="6" coveredconditionals="4" methods="5" coveredmethods="4"/>
      <file name="StartBtn.tsx" path="/home/mateo/Documents/facu/ing1/frontend/src/containers/PreGame/components/StartBtn/StartBtn.tsx">
        <metrics statements="35" coveredstatements="24" conditionals="6" coveredconditionals="4" methods="5" coveredmethods="4"/>
        <line num="8" count="1" type="stmt"/>
        <line num="9" count="7" type="stmt"/>
        <line num="10" count="7" type="stmt"/>
        <line num="11" count="7" type="stmt"/>
        <line num="12" count="7" type="stmt"/>
        <line num="14" count="7" type="stmt"/>
        <line num="15" count="3" type="stmt"/>
        <line num="16" count="3" type="stmt"/>
        <line num="17" count="3" type="cond" truecount="1" falsecount="1"/>
        <line num="18" count="0" type="stmt"/>
        <line num="19" count="0" type="stmt"/>
        <line num="22" count="3" type="stmt"/>
        <line num="23" count="3" type="stmt"/>
        <line num="25" count="3" type="stmt"/>
        <line num="27" count="0" type="stmt"/>
        <line num="31" count="3" type="stmt"/>
        <line num="34" count="7" type="stmt"/>
        <line num="35" count="1" type="stmt"/>
        <line num="37" count="1" type="cond" truecount="1" falsecount="1"/>
        <line num="38" count="0" type="stmt"/>
        <line num="39" count="0" type="stmt"/>
        <line num="42" count="1" type="stmt"/>
        <line num="43" count="1" type="stmt"/>
        <line num="48" count="1" type="stmt"/>
        <line num="50" count="1" type="stmt"/>
        <line num="52" count="0" type="stmt"/>
        <line num="60" count="7" type="stmt"/>
        <line num="61" count="0" type="stmt"/>
        <line num="62" count="0" type="stmt"/>
        <line num="63" count="0" type="stmt"/>
        <line num="65" count="0" type="stmt"/>
        <line num="68" count="0" type="stmt"/>
        <line num="73" count="7" type="cond" truecount="2" falsecount="0"/>
        <line num="75" count="3" type="stmt"/>
        <line num="84" count="4" type="stmt"/>
      </file>
    </package>
    <package name="lobby.createGame.components">
      <metrics statements="40" coveredstatements="33" conditionals="4" coveredconditionals="0" methods="6" coveredmethods="3"/>
      <file name="createGame.tsx" path="/home/mateo/Documents/facu/ing1/frontend/src/containers/lobby/createGame/components/createGame.tsx">
        <metrics statements="40" coveredstatements="33" conditionals="4" coveredconditionals="0" methods="6" coveredmethods="3"/>
        <line num="14" count="1" type="stmt"/>
        <line num="15" count="10" type="stmt"/>
        <line num="16" count="10" type="stmt"/>
        <line num="17" count="10" type="stmt"/>
        <line num="18" count="10" type="stmt"/>
        <line num="19" count="10" type="stmt"/>
        <line num="21" count="10" type="stmt"/>
        <line num="22" count="5" type="stmt"/>
        <line num="25" count="10" type="stmt"/>
        <line num="26" count="0" type="stmt"/>
        <line num="29" count="10" type="stmt"/>
        <line num="30" count="0" type="stmt"/>
        <line num="33" count="10" type="stmt"/>
        <line num="34" count="0" type="stmt"/>
        <line num="35" count="0" type="cond" truecount="0" falsecount="4"/>
        <line num="36" count="0" type="stmt"/>
        <line num="40" count="10" type="stmt"/>
        <line num="41" count="3" type="stmt"/>
        <line num="44" count="3" type="stmt"/>
        <line num="49" count="3" type="stmt"/>
        <line num="50" count="3" type="stmt"/>
        <line num="52" count="3" type="stmt"/>
        <line num="53" count="3" type="stmt"/>
        <line num="59" count="2" type="stmt"/>
        <line num="60" count="2" type="stmt"/>
        <line num="62" count="1" type="stmt"/>
        <line num="67" count="1" type="stmt"/>
        <line num="70" count="2" type="stmt"/>
        <line num="71" count="2" type="stmt"/>
        <line num="72" count="2" type="stmt"/>
        <line num="73" count="2" type="stmt"/>
        <line num="77" count="2" type="stmt"/>
        <line num="78" count="2" type="stmt"/>
        <line num="83" count="2" type="stmt"/>
        <line num="85" count="0" type="stmt"/>
        <line num="87" count="0" type="stmt"/>
        <line num="91" count="2" type="stmt"/>
        <line num="97" count="2" type="stmt"/>
        <line num="102" count="2" type="stmt"/>
        <line num="106" count="10" type="stmt"/>
      </file>
    </package>
    <package name="lobby.gameList.components">
      <metrics statements="19" coveredstatements="15" conditionals="14" coveredconditionals="14" methods="5" coveredmethods="3"/>
      <file name="slotJoinGame.tsx" path="/home/mateo/Documents/facu/ing1/frontend/src/containers/lobby/gameList/components/slotJoinGame.tsx">
        <metrics statements="19" coveredstatements="15" conditionals="14" coveredconditionals="14" methods="5" coveredmethods="3"/>
        <line num="15" count="0" type="stmt"/>
        <line num="19" count="0" type="stmt"/>
        <line num="24" count="10" type="stmt"/>
        <line num="26" count="10" type="stmt"/>
        <line num="27" count="1" type="stmt"/>
        <line num="28" count="1" type="stmt"/>
        <line num="29" count="1" type="stmt"/>
        <line num="30" count="1" type="stmt"/>
        <line num="34" count="1" type="stmt"/>
        <line num="35" count="1" type="stmt"/>
        <line num="40" count="1" type="stmt"/>
        <line num="41" count="1" type="stmt"/>
        <line num="43" count="0" type="stmt"/>
        <line num="44" count="0" type="stmt"/>
        <line num="52" count="10" type="cond" truecount="2" falsecount="0"/>
        <line num="53" count="1" type="stmt"/>
        <line num="56" count="9" type="stmt"/>
        <line num="59" count="10" type="stmt"/>
        <line num="71" count="1" type="cond" truecount="2" falsecount="0"/>
      </file>
    </package>
  </project>
</coverage>
