{"/home/mateo/Documents/facu/ing1/frontend/src/containers/PreGame/components/StartBtn/StartBtn.tsx": {"path":"/home/mateo/Documents/facu/ing1/frontend/src/containers/PreGame/components/StartBtn/StartBtn.tsx","statementMap":{"0":{"start":{"line":8,"column":17},"end":{"line":95,"column":1}},"1":{"start":{"line":9,"column":34},"end":{"line":9,"column":49}},"2":{"start":{"line":10,"column":21},"end":{"line":10,"column":34}},"3":{"start":{"line":11,"column":34},"end":{"line":11,"column":48}},"4":{"start":{"line":12,"column":19},"end":{"line":12,"column":49}},"5":{"start":{"line":14,"column":4},"end":{"line":32,"column":11}},"6":{"start":{"line":15,"column":30},"end":{"line":29,"column":9}},"7":{"start":{"line":16,"column":27},"end":{"line":16,"column":57}},"8":{"start":{"line":17,"column":12},"end":{"line":20,"column":13}},"9":{"start":{"line":18,"column":16},"end":{"line":18,"column":51}},"10":{"start":{"line":19,"column":16},"end":{"line":19,"column":23}},"11":{"start":{"line":22,"column":12},"end":{"line":28,"column":13}},"12":{"start":{"line":23,"column":33},"end":{"line":23,"column":71}},"13":{"start":{"line":25,"column":16},"end":{"line":25,"column":48}},"14":{"start":{"line":27,"column":16},"end":{"line":27,"column":66}},"15":{"start":{"line":31,"column":8},"end":{"line":31,"column":24}},"16":{"start":{"line":34,"column":18},"end":{"line":58,"column":5}},"17":{"start":{"line":35,"column":23},"end":{"line":35,"column":53}},"18":{"start":{"line":37,"column":8},"end":{"line":40,"column":9}},"19":{"start":{"line":38,"column":12},"end":{"line":38,"column":47}},"20":{"start":{"line":39,"column":12},"end":{"line":39,"column":19}},"21":{"start":{"line":42,"column":8},"end":{"line":57,"column":13}},"22":{"start":{"line":43,"column":29},"end":{"line":47,"column":14}},"23":{"start":{"line":48,"column":12},"end":{"line":48,"column":29}},"24":{"start":{"line":50,"column":12},"end":{"line":50,"column":30}},"25":{"start":{"line":52,"column":16},"end":{"line":56,"column":19}},"26":{"start":{"line":60,"column":17},"end":{"line":70,"column":5}},"27":{"start":{"line":61,"column":23},"end":{"line":61,"column":53}},"28":{"start":{"line":62,"column":8},"end":{"line":69,"column":9}},"29":{"start":{"line":63,"column":29},"end":{"line":63,"column":67}},"30":{"start":{"line":65,"column":12},"end":{"line":65,"column":30}},"31":{"start":{"line":68,"column":12},"end":{"line":68,"column":31}},"32":{"start":{"line":73,"column":4},"end":{"line":93,"column":5}},"33":{"start":{"line":75,"column":8},"end":{"line":82,"column":6}},"34":{"start":{"line":84,"column":8},"end":{"line":92,"column":9}}},"fnMap":{"0":{"name":"(anonymous_0)","decl":{"start":{"line":8,"column":17},"end":{"line":8,"column":18}},"loc":{"start":{"line":8,"column":23},"end":{"line":95,"column":1}},"line":8},"1":{"name":"(anonymous_1)","decl":{"start":{"line":14,"column":14},"end":{"line":14,"column":15}},"loc":{"start":{"line":14,"column":20},"end":{"line":32,"column":5}},"line":14},"2":{"name":"(anonymous_2)","decl":{"start":{"line":15,"column":30},"end":{"line":15,"column":31}},"loc":{"start":{"line":15,"column":42},"end":{"line":29,"column":9}},"line":15},"3":{"name":"(anonymous_3)","decl":{"start":{"line":34,"column":18},"end":{"line":34,"column":19}},"loc":{"start":{"line":34,"column":30},"end":{"line":58,"column":5}},"line":34},"4":{"name":"(anonymous_4)","decl":{"start":{"line":60,"column":17},"end":{"line":60,"column":18}},"loc":{"start":{"line":60,"column":23},"end":{"line":70,"column":5}},"line":60}},"branchMap":{"0":{"loc":{"start":{"line":17,"column":12},"end":{"line":20,"column":13}},"type":"if","locations":[{"start":{"line":17,"column":12},"end":{"line":20,"column":13}},{"start":{},"end":{}}],"line":17},"1":{"loc":{"start":{"line":37,"column":8},"end":{"line":40,"column":9}},"type":"if","locations":[{"start":{"line":37,"column":8},"end":{"line":40,"column":9}},{"start":{},"end":{}}],"line":37},"2":{"loc":{"start":{"line":73,"column":4},"end":{"line":93,"column":5}},"type":"if","locations":[{"start":{"line":73,"column":4},"end":{"line":93,"column":5}},{"start":{"line":83,"column":10},"end":{"line":93,"column":5}}],"line":73}},"s":{"0":1,"1":7,"2":7,"3":7,"4":7,"5":7,"6":3,"7":3,"8":3,"9":0,"10":0,"11":3,"12":3,"13":3,"14":0,"15":3,"16":7,"17":1,"18":1,"19":0,"20":0,"21":1,"22":1,"23":1,"24":1,"25":0,"26":7,"27":0,"28":0,"29":0,"30":0,"31":0,"32":7,"33":3,"34":4},"f":{"0":7,"1":3,"2":3,"3":1,"4":0},"b":{"0":[0,3],"1":[0,1],"2":[3,4]},"_coverageSchema":"1a1c01bbd47fc00a2c39e90264f33305004495a9","hash":"54886ffd86a91924ba19d87070cfeab8d7cb2f34"}
,"/home/mateo/Documents/facu/ing1/frontend/src/containers/lobby/createGame/components/createGame.tsx": {"path":"/home/mateo/Documents/facu/ing1/frontend/src/containers/lobby/createGame/components/createGame.tsx","statementMap":{"0":{"start":{"line":14,"column":19},"end":{"line":176,"column":1}},"1":{"start":{"line":15,"column":26},"end":{"line":15,"column":38}},"2":{"start":{"line":16,"column":36},"end":{"line":16,"column":51}},"3":{"start":{"line":17,"column":34},"end":{"line":17,"column":46}},"4":{"start":{"line":18,"column":32},"end":{"line":18,"column":43}},"5":{"start":{"line":19,"column":19},"end":{"line":19,"column":32}},"6":{"start":{"line":21,"column":27},"end":{"line":23,"column":3}},"7":{"start":{"line":22,"column":4},"end":{"line":22,"column":32}},"8":{"start":{"line":25,"column":31},"end":{"line":27,"column":3}},"9":{"start":{"line":26,"column":4},"end":{"line":26,"column":39}},"10":{"start":{"line":29,"column":31},"end":{"line":31,"column":3}},"11":{"start":{"line":30,"column":4},"end":{"line":30,"column":36}},"12":{"start":{"line":33,"column":30},"end":{"line":38,"column":3}},"13":{"start":{"line":34,"column":18},"end":{"line":34,"column":44}},"14":{"start":{"line":35,"column":4},"end":{"line":37,"column":5}},"15":{"start":{"line":36,"column":6},"end":{"line":36,"column":24}},"16":{"start":{"line":40,"column":23},"end":{"line":104,"column":3}},"17":{"start":{"line":41,"column":4},"end":{"line":41,"column":27}},"18":{"start":{"line":44,"column":21},"end":{"line":47,"column":5}},"19":{"start":{"line":49,"column":24},"end":{"line":49,"column":71}},"20":{"start":{"line":50,"column":35},"end":{"line":50,"column":69}},"21":{"start":{"line":52,"column":4},"end":{"line":68,"column":5}},"22":{"start":{"line":53,"column":23},"end":{"line":57,"column":8}},"23":{"start":{"line":59,"column":6},"end":{"line":59,"column":33}},"24":{"start":{"line":60,"column":6},"end":{"line":60,"column":60}},"25":{"start":{"line":62,"column":6},"end":{"line":66,"column":9}},"26":{"start":{"line":67,"column":6},"end":{"line":67,"column":13}},"27":{"start":{"line":70,"column":4},"end":{"line":103,"column":5}},"28":{"start":{"line":71,"column":21},"end":{"line":71,"column":51}},"29":{"start":{"line":72,"column":6},"end":{"line":72,"column":34}},"30":{"start":{"line":73,"column":23},"end":{"line":75,"column":7}},"31":{"start":{"line":77,"column":30},"end":{"line":77,"column":77}},"32":{"start":{"line":78,"column":23},"end":{"line":82,"column":8}},"33":{"start":{"line":83,"column":6},"end":{"line":83,"column":62}},"34":{"start":{"line":85,"column":6},"end":{"line":85,"column":52}},"35":{"start":{"line":87,"column":6},"end":{"line":87,"column":27}},"36":{"start":{"line":91,"column":6},"end":{"line":95,"column":9}},"37":{"start":{"line":97,"column":6},"end":{"line":101,"column":9}},"38":{"start":{"line":102,"column":6},"end":{"line":102,"column":13}},"39":{"start":{"line":106,"column":2},"end":{"line":175,"column":4}}},"fnMap":{"0":{"name":"(anonymous_0)","decl":{"start":{"line":14,"column":19},"end":{"line":14,"column":20}},"loc":{"start":{"line":14,"column":25},"end":{"line":176,"column":1}},"line":14},"1":{"name":"(anonymous_1)","decl":{"start":{"line":21,"column":27},"end":{"line":21,"column":28}},"loc":{"start":{"line":21,"column":75},"end":{"line":23,"column":3}},"line":21},"2":{"name":"(anonymous_2)","decl":{"start":{"line":25,"column":31},"end":{"line":25,"column":32}},"loc":{"start":{"line":25,"column":79},"end":{"line":27,"column":3}},"line":25},"3":{"name":"(anonymous_3)","decl":{"start":{"line":29,"column":31},"end":{"line":29,"column":32}},"loc":{"start":{"line":29,"column":79},"end":{"line":31,"column":3}},"line":29},"4":{"name":"(anonymous_4)","decl":{"start":{"line":33,"column":30},"end":{"line":33,"column":31}},"loc":{"start":{"line":33,"column":78},"end":{"line":38,"column":3}},"line":33},"5":{"name":"(anonymous_5)","decl":{"start":{"line":40,"column":23},"end":{"line":40,"column":24}},"loc":{"start":{"line":40,"column":74},"end":{"line":104,"column":3}},"line":40}},"branchMap":{"0":{"loc":{"start":{"line":35,"column":4},"end":{"line":37,"column":5}},"type":"if","locations":[{"start":{"line":35,"column":4},"end":{"line":37,"column":5}},{"start":{},"end":{}}],"line":35},"1":{"loc":{"start":{"line":35,"column":8},"end":{"line":35,"column":32}},"type":"binary-expr","locations":[{"start":{"line":35,"column":8},"end":{"line":35,"column":18}},{"start":{"line":35,"column":22},"end":{"line":35,"column":32}}],"line":35}},"s":{"0":1,"1":10,"2":10,"3":10,"4":10,"5":10,"6":10,"7":5,"8":10,"9":0,"10":10,"11":0,"12":10,"13":0,"14":0,"15":0,"16":10,"17":3,"18":3,"19":3,"20":3,"21":3,"22":3,"23":2,"24":2,"25":1,"26":1,"27":2,"28":2,"29":2,"30":2,"31":2,"32":2,"33":2,"34":0,"35":0,"36":2,"37":2,"38":2,"39":10},"f":{"0":10,"1":5,"2":0,"3":0,"4":0,"5":3},"b":{"0":[0,0],"1":[0,0]},"_coverageSchema":"1a1c01bbd47fc00a2c39e90264f33305004495a9","hash":"4a0e2058e29dd4db183b2855d7c6474c391d77cd"}
,"/home/mateo/Documents/facu/ing1/frontend/src/containers/lobby/gameList/components/slotJoinGame.tsx": {"path":"/home/mateo/Documents/facu/ing1/frontend/src/containers/lobby/gameList/components/slotJoinGame.tsx","statementMap":{"0":{"start":{"line":15,"column":4},"end":{"line":15,"column":42}},"1":{"start":{"line":19,"column":4},"end":{"line":19,"column":42}},"2":{"start":{"line":24,"column":21},"end":{"line":24,"column":34}},"3":{"start":{"line":26,"column":21},"end":{"line":50,"column":5}},"4":{"start":{"line":27,"column":8},"end":{"line":49,"column":9}},"5":{"start":{"line":28,"column":27},"end":{"line":28,"column":57}},"6":{"start":{"line":29,"column":12},"end":{"line":29,"column":40}},"7":{"start":{"line":30,"column":29},"end":{"line":32,"column":13}},"8":{"start":{"line":34,"column":36},"end":{"line":34,"column":83}},"9":{"start":{"line":35,"column":29},"end":{"line":39,"column":14}},"10":{"start":{"line":40,"column":12},"end":{"line":40,"column":58}},"11":{"start":{"line":41,"column":12},"end":{"line":41,"column":33}},"12":{"start":{"line":43,"column":12},"end":{"line":43,"column":56}},"13":{"start":{"line":44,"column":12},"end":{"line":48,"column":15}},"14":{"start":{"line":52,"column":4},"end":{"line":57,"column":5}},"15":{"start":{"line":53,"column":8},"end":{"line":53,"column":20}},"16":{"start":{"line":56,"column":8},"end":{"line":56,"column":21}},"17":{"start":{"line":59,"column":4},"end":{"line":76,"column":5}},"18":{"start":{"line":71,"column":54},"end":{"line":71,"column":66}}},"fnMap":{"0":{"name":"changeBackground","decl":{"start":{"line":14,"column":9},"end":{"line":14,"column":25}},"loc":{"start":{"line":14,"column":29},"end":{"line":16,"column":1}},"line":14},"1":{"name":"restoreBackground","decl":{"start":{"line":18,"column":9},"end":{"line":18,"column":26}},"loc":{"start":{"line":18,"column":30},"end":{"line":20,"column":1}},"line":18},"2":{"name":"SlotJoinGame","decl":{"start":{"line":22,"column":24},"end":{"line":22,"column":36}},"loc":{"start":{"line":22,"column":88},"end":{"line":77,"column":1}},"line":22},"3":{"name":"(anonymous_3)","decl":{"start":{"line":26,"column":21},"end":{"line":26,"column":22}},"loc":{"start":{"line":26,"column":43},"end":{"line":50,"column":5}},"line":26},"4":{"name":"(anonymous_4)","decl":{"start":{"line":71,"column":48},"end":{"line":71,"column":49}},"loc":{"start":{"line":71,"column":54},"end":{"line":71,"column":66}},"line":71}},"branchMap":{"0":{"loc":{"start":{"line":52,"column":4},"end":{"line":57,"column":5}},"type":"if","locations":[{"start":{"line":52,"column":4},"end":{"line":57,"column":5}},{"start":{"line":55,"column":8},"end":{"line":57,"column":5}}],"line":52},"1":{"loc":{"start":{"line":69,"column":33},"end":{"line":69,"column":68}},"type":"cond-expr","locations":[{"start":{"line":69,"column":40},"end":{"line":69,"column":49}},{"start":{"line":69,"column":52},"end":{"line":69,"column":68}}],"line":69},"2":{"loc":{"start":{"line":70,"column":34},"end":{"line":70,"column":70}},"type":"cond-expr","locations":[{"start":{"line":70,"column":41},"end":{"line":70,"column":50}},{"start":{"line":70,"column":53},"end":{"line":70,"column":70}}],"line":70},"3":{"loc":{"start":{"line":71,"column":29},"end":{"line":71,"column":66}},"type":"cond-expr","locations":[{"start":{"line":71,"column":36},"end":{"line":71,"column":45}},{"start":{"line":71,"column":48},"end":{"line":71,"column":66}}],"line":71},"4":{"loc":{"start":{"line":72,"column":41},"end":{"line":72,"column":69}},"type":"cond-expr","locations":[{"start":{"line":72,"column":48},"end":{"line":72,"column":57}},{"start":{"line":72,"column":60},"end":{"line":72,"column":69}}],"line":72},"5":{"loc":{"start":{"line":72,"column":79},"end":{"line":72,"column":111}},"type":"cond-expr","locations":[{"start":{"line":72,"column":86},"end":{"line":72,"column":99}},{"start":{"line":72,"column":102},"end":{"line":72,"column":111}}],"line":72},"6":{"loc":{"start":{"line":74,"column":22},"end":{"line":74,"column":47}},"type":"cond-expr","locations":[{"start":{"line":74,"column":29},"end":{"line":74,"column":36}},{"start":{"line":74,"column":39},"end":{"line":74,"column":47}}],"line":74}},"s":{"0":0,"1":0,"2":10,"3":10,"4":1,"5":1,"6":1,"7":1,"8":1,"9":1,"10":1,"11":1,"12":0,"13":0,"14":10,"15":1,"16":9,"17":10,"18":1},"f":{"0":0,"1":0,"2":10,"3":1,"4":1},"b":{"0":[1,9],"1":[1,9],"2":[1,9],"3":[1,9],"4":[1,9],"5":[1,9],"6":[1,9]},"_coverageSchema":"1a1c01bbd47fc00a2c39e90264f33305004495a9","hash":"93a6c0fced172e46c366256087891af51930060c"}
}
