TN:
SF:src/containers/PreGame/components/StartBtn/StartBtn.tsx
FN:8,(anonymous_0)
FN:14,(anonymous_1)
FN:15,(anonymous_2)
FN:34,(anonymous_3)
FN:60,(anonymous_4)
FNF:5
FNH:4
FNDA:7,(anonymous_0)
FNDA:3,(anonymous_1)
FNDA:3,(anonymous_2)
FNDA:1,(anonymous_3)
FNDA:0,(anonymous_4)
DA:8,1
DA:9,7
DA:10,7
DA:11,7
DA:12,7
DA:14,7
DA:15,3
DA:16,3
DA:17,3
DA:18,0
DA:19,0
DA:22,3
DA:23,3
DA:25,3
DA:27,0
DA:31,3
DA:34,7
DA:35,1
DA:37,1
DA:38,0
DA:39,0
DA:42,1
DA:43,1
DA:48,1
DA:50,1
DA:52,0
DA:60,7
DA:61,0
DA:62,0
DA:63,0
DA:65,0
DA:68,0
DA:73,7
DA:75,3
DA:84,4
LF:35
LH:24
BRDA:17,0,0,0
BRDA:17,0,1,3
BRDA:37,1,0,0
BRDA:37,1,1,1
BRDA:73,2,0,3
BRDA:73,2,1,4
BRF:6
BRH:4
end_of_record
TN:
SF:src/containers/lobby/createGame/components/createGame.tsx
FN:14,(anonymous_0)
FN:21,(anonymous_1)
FN:25,(anonymous_2)
FN:29,(anonymous_3)
FN:33,(anonymous_4)
FN:40,(anonymous_5)
FNF:6
FNH:3
FNDA:10,(anonymous_0)
FNDA:5,(anonymous_1)
FNDA:0,(anonymous_2)
FNDA:0,(anonymous_3)
FNDA:0,(anonymous_4)
FNDA:3,(anonymous_5)
DA:14,1
DA:15,10
DA:16,10
DA:17,10
DA:18,10
DA:19,10
DA:21,10
DA:22,5
DA:25,10
DA:26,0
DA:29,10
DA:30,0
DA:33,10
DA:34,0
DA:35,0
DA:36,0
DA:40,10
DA:41,3
DA:44,3
DA:49,3
DA:50,3
DA:52,3
DA:53,3
DA:59,2
DA:60,2
DA:62,1
DA:67,1
DA:70,2
DA:71,2
DA:72,2
DA:73,2
DA:77,2
DA:78,2
DA:83,2
DA:85,0
DA:87,0
DA:91,2
DA:97,2
DA:102,2
DA:106,10
LF:40
LH:33
BRDA:35,0,0,0
BRDA:35,0,1,0
BRDA:35,1,0,0
BRDA:35,1,1,0
BRF:4
BRH:0
end_of_record
TN:
SF:src/containers/lobby/gameList/components/slotJoinGame.tsx
FN:14,changeBackground
FN:18,restoreBackground
FN:22,SlotJoinGame
FN:26,(anonymous_3)
FN:71,(anonymous_4)
FNF:5
FNH:3
FNDA:0,changeBackground
FNDA:0,restoreBackground
FNDA:10,SlotJoinGame
FNDA:1,(anonymous_3)
FNDA:1,(anonymous_4)
DA:15,0
DA:19,0
DA:24,10
DA:26,10
DA:27,1
DA:28,1
DA:29,1
DA:30,1
DA:34,1
DA:35,1
DA:40,1
DA:41,1
DA:43,0
DA:44,0
DA:52,10
DA:53,1
DA:56,9
DA:59,10
DA:71,1
LF:19
LH:15
BRDA:52,0,0,1
BRDA:52,0,1,9
BRDA:69,1,0,1
BRDA:69,1,1,9
BRDA:70,2,0,1
BRDA:70,2,1,9
BRDA:71,3,0,1
BRDA:71,3,1,9
BRDA:72,4,0,1
BRDA:72,4,1,9
BRDA:72,5,0,1
BRDA:72,5,1,9
BRDA:74,6,0,1
BRDA:74,6,1,9
BRF:14
BRH:14
end_of_record
